<?xml version="1.0" encoding="UTF-8"?>
<!-- Generated by org.testng.reporters.JUnitReportReporter -->
<testsuite hostname="Rajkumar" failures="0" tests="1" name="saucedemotest.NewTest1" time="0.784" errors="0" timestamp="2022-04-16T12:47:21 IST" skipped="0">
  <testcase classname="saucedemotest.NewTest1" name="valiadtecart" time="0.784"/>
  <system-out/>
</testsuite> <!-- saucedemotest.NewTest1 -->
